<?xml version="1.0" encoding="UTF-8"?>
<testng-results ignored="0" total="3" passed="3" failed="0" skipped="0">
  <reporter-output>
  </reporter-output>
  <suite started-at="2024-03-06T18:43:55 IST" name="Default suite" finished-at="2024-03-06T18:43:59 IST" duration-ms="3944">
    <groups>
    </groups>
    <test started-at="2024-03-06T18:43:55 IST" name="Default test" finished-at="2024-03-06T18:43:59 IST" duration-ms="3944">
      <class name="test.NewTest">
        <test-method signature="post()[pri:0, instance:test.NewTest@6e20b53a]" started-at="2024-03-06T18:43:55 IST" name="post" finished-at="2024-03-06T18:43:58 IST" duration-ms="3281" status="PASS">
          <reporter-output>
          </reporter-output>
        </test-method> <!-- post -->
        <test-method signature="test()[pri:0, instance:test.NewTest@6e20b53a]" started-at="2024-03-06T18:43:58 IST" name="test" finished-at="2024-03-06T18:43:59 IST" duration-ms="453" status="PASS">
          <reporter-output>
          </reporter-output>
        </test-method> <!-- test -->
        <test-method signature="test2()[pri:0, instance:test.NewTest@6e20b53a]" started-at="2024-03-06T18:43:59 IST" name="test2" finished-at="2024-03-06T18:43:59 IST" duration-ms="102" status="PASS">
          <reporter-output>
          </reporter-output>
        </test-method> <!-- test2 -->
      </class> <!-- test.NewTest -->
    </test> <!-- Default test -->
  </suite> <!-- Default suite -->
</testng-results>
